  Multithread.cpp
c:\program files (x86)\microsoft visual studio 14.0\vc\include\thr\xthread(240): error C2672: 'std::invoke': no matching overloaded function found
  c:\program files (x86)\microsoft visual studio 14.0\vc\include\thr\xthread(249): note: see reference to function template instantiation 'void std::_LaunchPad<_Target>::_Execute<0,1>(std::tuple<void *(__cdecl *)(void *),char> &,std::integer_sequence<std::_Ty,0,1>)' being compiled
          with
          [
              _Target=std::unique_ptr<std::tuple<void *(__cdecl *)(void *),char>,std::default_delete<std::tuple<void *(__cdecl *)(void *),char>>>,
              _Ty=std::size_t
          ]
  c:\program files (x86)\microsoft visual studio 14.0\vc\include\thr\xthread(247): note: see reference to function template instantiation 'void std::_LaunchPad<_Target>::_Execute<0,1>(std::tuple<void *(__cdecl *)(void *),char> &,std::integer_sequence<std::_Ty,0,1>)' being compiled
          with
          [
              _Target=std::unique_ptr<std::tuple<void *(__cdecl *)(void *),char>,std::default_delete<std::tuple<void *(__cdecl *)(void *),char>>>,
              _Ty=std::size_t
          ]
  c:\program files (x86)\microsoft visual studio 14.0\vc\include\thr\xthread(244): note: while compiling class template member function 'void std::_LaunchPad<_Target>::_Run(std::_LaunchPad<_Target> *) noexcept'
          with
          [
              _Target=std::unique_ptr<std::tuple<void *(__cdecl *)(void *),char>,std::default_delete<std::tuple<void *(__cdecl *)(void *),char>>>
          ]
  c:\program files (x86)\microsoft visual studio 14.0\vc\include\thr\xthread(232): note: see reference to function template instantiation 'void std::_LaunchPad<_Target>::_Run(std::_LaunchPad<_Target> *) noexcept' being compiled
          with
          [
              _Target=std::unique_ptr<std::tuple<void *(__cdecl *)(void *),char>,std::default_delete<std::tuple<void *(__cdecl *)(void *),char>>>
          ]
  c:\program files (x86)\microsoft visual studio 14.0\vc\include\thr\xthread(259): note: see reference to class template instantiation 'std::_LaunchPad<_Target>' being compiled
          with
          [
              _Target=std::unique_ptr<std::tuple<void *(__cdecl *)(void *),char>,std::default_delete<std::tuple<void *(__cdecl *)(void *),char>>>
          ]
  c:\program files (x86)\microsoft visual studio 14.0\vc\include\thread(50): note: see reference to function template instantiation 'void std::_Launch<std::unique_ptr<std::tuple<void *(__cdecl *)(void *),char>,std::default_delete<_Ty>>>(_Thrd_t *,_Target &&)' being compiled
          with
          [
              _Ty=std::tuple<void *(__cdecl *)(void *),char>,
              _Target=std::unique_ptr<std::tuple<void *(__cdecl *)(void *),char>,std::default_delete<std::tuple<void *(__cdecl *)(void *),char>>>
          ]
  c:\c++\multithread\multithread\multithread.cpp(34): note: see reference to function template instantiation 'std::thread::thread<void*(__cdecl &)(void *),char&,void>(_Fn,char &)' being compiled
          with
          [
              _Fn=void *(__cdecl &)(void *)
          ]
c:\program files (x86)\microsoft visual studio 14.0\vc\include\thr\xthread(240): error C2893: Failed to specialize function template 'unknown-type std::invoke(_Callable &&,_Types &&...)'
  c:\program files (x86)\microsoft visual studio 14.0\vc\include\thr\xthread(240): note: With the following template arguments:
  c:\program files (x86)\microsoft visual studio 14.0\vc\include\thr\xthread(240): note: '_Callable=void *(__cdecl *)(void *)'
  c:\program files (x86)\microsoft visual studio 14.0\vc\include\thr\xthread(240): note: '_Types={char}'
